<?xml version="1.0" encoding="UTF-8"?>
<testsuite xmlns:xsi="http://www.w3.org/2001/XMLSchema-instance" xsi:noNamespaceSchemaLocation="https://maven.apache.org/surefire/maven-surefire-plugin/xsd/surefire-test-report.xsd" version="3.0.2" name="com.vasco.referidos.ReferidosApplicationTests" time="6.883" tests="1" errors="0" skipped="0" failures="0">
  <properties>
[...]
</properties>
  <testcase name="contextLoads" classname="com.vasco.referidos.ReferidosApplicationTests" time="0.935">
    <system-out><![CDATA[19:11:03.372 [main] INFO org.springframework.test.context.support.AnnotationConfigContextLoaderUtils -- Could not detect default configuration classes for test class [com.vasco.referidos.ReferidosApplicationTests]: ReferidosApplicationTests does not declare any static, non-private, non-final, nested classes annotated with @Configuration.
19:11:03.582 [main] INFO org.springframework.boot.test.context.SpringBootTestContextBootstrapper -- Found @SpringBootConfiguration com.vasco.referidos.ReferidosApplication for test class com.vasco.referidos.ReferidosApplicationTests

  .   ____          _            __ _ _
 /\\ / ___'_ __ _ _(_)_ __  __ _ \ \ \ \
( ( )\___ | '_ | '_| | '_ \/ _` | \ \ \ \
 \\/  ___)| |_)| | | | | || (_| |  ) ) ) )
  '  |____| .__|_| |_|_| |_\__, | / / / /
 =========|_|==============|___/=/_/_/_/

 :: Spring Boot ::                (v3.4.5)

2025-05-26T19:11:04.443-05:00  INFO 8772 --- [referidos] [           main] c.v.referidos.ReferidosApplicationTests  : Starting ReferidosApplicationTests using Java 24.0.1 with PID 8772 (started by Junior in D:\Documents\Proyectos\Codigos Propios\Proyectos 2025\referidos)
2025-05-26T19:11:04.446-05:00  INFO 8772 --- [referidos] [           main] c.v.referidos.ReferidosApplicationTests  : No active profile set, falling back to 1 default profile: "default"
2025-05-26T19:11:06.167-05:00  INFO 8772 --- [referidos] [           main] .s.d.r.c.RepositoryConfigurationDelegate : Bootstrapping Spring Data MongoDB repositories in DEFAULT mode.
2025-05-26T19:11:06.275-05:00  INFO 8772 --- [referidos] [           main] .s.d.r.c.RepositoryConfigurationDelegate : Finished Spring Data repository scanning in 96 ms. Found 2 MongoDB repository interfaces.
2025-05-26T19:11:07.065-05:00  INFO 8772 --- [referidos] [           main] org.mongodb.driver.client                : MongoClient with metadata {"application": {"name": "Cuestionario"}, "driver": {"name": "mongo-java-driver|sync|spring-boot", "version": "5.2.1"}, "os": {"type": "Windows", "name": "Windows 11", "architecture": "amd64", "version": "10.0"}, "platform": "Java/Oracle Corporation/24.0.1+9-30"} created with settings MongoClientSettings{readPreference=primary, writeConcern=WriteConcern{w=majority, wTimeout=null ms, journal=null}, retryWrites=true, retryReads=true, readConcern=ReadConcern{level=null}, credential=MongoCredential{mechanism=null, userName='admin_cuestionario', source='admin', password=<hidden>, mechanismProperties=<hidden>}, transportSettings=null, commandListeners=[], codecRegistry=ProvidersCodecRegistry{codecProviders=[ValueCodecProvider{}, BsonValueCodecProvider{}, DBRefCodecProvider{}, DBObjectCodecProvider{}, DocumentCodecProvider{}, CollectionCodecProvider{}, IterableCodecProvider{}, MapCodecProvider{}, GeoJsonCodecProvider{}, GridFSFileCodecProvider{}, Jsr310CodecProvider{}, JsonObjectCodecProvider{}, BsonCodecProvider{}, EnumCodecProvider{}, com.mongodb.client.model.mql.ExpressionCodecProvider@d611f1c, com.mongodb.Jep395RecordCodecProvider@4f2d014a, com.mongodb.KotlinCodecProvider@51fc862e]}, loggerSettings=LoggerSettings{maxDocumentLength=1000}, clusterSettings={hosts=[127.0.0.1:27017], srvHost=cuestionario.g9zwdyu.mongodb.net, srvServiceName=mongodb, mode=MULTIPLE, requiredClusterType=REPLICA_SET, requiredReplicaSetName='atlas-125eip-shard-0', serverSelector='null', clusterListeners='[]', serverSelectionTimeout='30000 ms', localThreshold='15 ms'}, socketSettings=SocketSettings{connectTimeoutMS=10000, readTimeoutMS=0, receiveBufferSize=0, proxySettings=ProxySettings{host=null, port=null, username=null, password=null}}, heartbeatSocketSettings=SocketSettings{connectTimeoutMS=10000, readTimeoutMS=10000, receiveBufferSize=0, proxySettings=ProxySettings{host=null, port=null, username=null, password=null}}, connectionPoolSettings=ConnectionPoolSettings{maxSize=100, minSize=0, maxWaitTimeMS=120000, maxConnectionLifeTimeMS=0, maxConnectionIdleTimeMS=0, maintenanceInitialDelayMS=0, maintenanceFrequencyMS=60000, connectionPoolListeners=[], maxConnecting=2}, serverSettings=ServerSettings{heartbeatFrequencyMS=10000, minHeartbeatFrequencyMS=500, serverMonitoringMode=AUTO, serverListeners='[]', serverMonitorListeners='[]'}, sslSettings=SslSettings{enabled=true, invalidHostNameAllowed=false, context=null}, applicationName='Cuestionario', compressorList=[], uuidRepresentation=JAVA_LEGACY, serverApi=null, autoEncryptionSettings=null, dnsClient=null, inetAddressResolver=null, contextProvider=null, timeoutMS=null}
2025-05-26T19:11:07.085-05:00  INFO 8772 --- [referidos] [dyu.mongodb.net] org.mongodb.driver.cluster               : Adding discovered server ac-dwt1h32-shard-00-00.g9zwdyu.mongodb.net:27017 to client view of cluster
2025-05-26T19:11:07.122-05:00  INFO 8772 --- [referidos] [dyu.mongodb.net] org.mongodb.driver.cluster               : Adding discovered server ac-dwt1h32-shard-00-01.g9zwdyu.mongodb.net:27017 to client view of cluster
2025-05-26T19:11:07.140-05:00  INFO 8772 --- [referidos] [dyu.mongodb.net] org.mongodb.driver.cluster               : Adding discovered server ac-dwt1h32-shard-00-02.g9zwdyu.mongodb.net:27017 to client view of cluster
2025-05-26T19:11:07.894-05:00  INFO 8772 --- [referidos] [           main] r$InitializeUserDetailsManagerConfigurer : Global AuthenticationManager configured with UserDetailsService bean with name userDetailsServiceImpl
2025-05-26T19:11:08.302-05:00  INFO 8772 --- [referidos] [ngodb.net:27017] org.mongodb.driver.cluster               : Monitor thread successfully connected to server with description ServerDescription{address=ac-dwt1h32-shard-00-02.g9zwdyu.mongodb.net:27017, type=REPLICA_SET_PRIMARY, cryptd=false, state=CONNECTED, ok=true, minWireVersion=0, maxWireVersion=25, maxDocumentSize=16777216, logicalSessionTimeoutMinutes=30, roundTripTimeNanos=582964400, minRoundTripTimeNanos=0, setName='atlas-125eip-shard-0', canonicalAddress=ac-dwt1h32-shard-00-02.g9zwdyu.mongodb.net:27017, hosts=[ac-dwt1h32-shard-00-00.g9zwdyu.mongodb.net:27017, ac-dwt1h32-shard-00-01.g9zwdyu.mongodb.net:27017, ac-dwt1h32-shard-00-02.g9zwdyu.mongodb.net:27017], passives=[], arbiters=[], primary='ac-dwt1h32-shard-00-02.g9zwdyu.mongodb.net:27017', tagSet=TagSet{[Tag{name='availabilityZone', value='use1-az6'}, Tag{name='diskState', value='READY'}, Tag{name='nodeType', value='ELECTABLE'}, Tag{name='provider', value='AWS'}, Tag{name='region', value='US_EAST_1'}, Tag{name='workloadType', value='OPERATIONAL'}]}, electionId=7fffffff0000000000000269, setVersion=271, topologyVersion=TopologyVersion{processId=682e0c1140dd367be699c506, counter=6}, lastWriteDate=Mon May 26 19:11:06 GMT-05:00 2025, lastUpdateTimeNanos=31042475924700}
2025-05-26T19:11:08.302-05:00  INFO 8772 --- [referidos] [ngodb.net:27017] org.mongodb.driver.cluster               : Monitor thread successfully connected to server with description ServerDescription{address=ac-dwt1h32-shard-00-00.g9zwdyu.mongodb.net:27017, type=REPLICA_SET_SECONDARY, cryptd=false, state=CONNECTED, ok=true, minWireVersion=0, maxWireVersion=25, maxDocumentSize=16777216, logicalSessionTimeoutMinutes=30, roundTripTimeNanos=580494200, minRoundTripTimeNanos=0, setName='atlas-125eip-shard-0', canonicalAddress=ac-dwt1h32-shard-00-00.g9zwdyu.mongodb.net:27017, hosts=[ac-dwt1h32-shard-00-00.g9zwdyu.mongodb.net:27017, ac-dwt1h32-shard-00-01.g9zwdyu.mongodb.net:27017, ac-dwt1h32-shard-00-02.g9zwdyu.mongodb.net:27017], passives=[], arbiters=[], primary='ac-dwt1h32-shard-00-02.g9zwdyu.mongodb.net:27017', tagSet=TagSet{[Tag{name='availabilityZone', value='use1-az2'}, Tag{name='diskState', value='READY'}, Tag{name='nodeType', value='ELECTABLE'}, Tag{name='provider', value='AWS'}, Tag{name='region', value='US_EAST_1'}, Tag{name='workloadType', value='OPERATIONAL'}]}, electionId=null, setVersion=271, topologyVersion=TopologyVersion{processId=682e08f50e8dab61030420f0, counter=4}, lastWriteDate=Mon May 26 19:11:06 GMT-05:00 2025, lastUpdateTimeNanos=31042473456200}
2025-05-26T19:11:08.302-05:00  INFO 8772 --- [referidos] [ngodb.net:27017] org.mongodb.driver.cluster               : Monitor thread successfully connected to server with description ServerDescription{address=ac-dwt1h32-shard-00-01.g9zwdyu.mongodb.net:27017, type=REPLICA_SET_SECONDARY, cryptd=false, state=CONNECTED, ok=true, minWireVersion=0, maxWireVersion=25, maxDocumentSize=16777216, logicalSessionTimeoutMinutes=30, roundTripTimeNanos=578740400, minRoundTripTimeNanos=0, setName='atlas-125eip-shard-0', canonicalAddress=ac-dwt1h32-shard-00-01.g9zwdyu.mongodb.net:27017, hosts=[ac-dwt1h32-shard-00-00.g9zwdyu.mongodb.net:27017, ac-dwt1h32-shard-00-01.g9zwdyu.mongodb.net:27017, ac-dwt1h32-shard-00-02.g9zwdyu.mongodb.net:27017], passives=[], arbiters=[], primary='ac-dwt1h32-shard-00-02.g9zwdyu.mongodb.net:27017', tagSet=TagSet{[Tag{name='availabilityZone', value='use1-az4'}, Tag{name='diskState', value='READY'}, Tag{name='nodeType', value='ELECTABLE'}, Tag{name='provider', value='AWS'}, Tag{name='region', value='US_EAST_1'}, Tag{name='workloadType', value='OPERATIONAL'}]}, electionId=null, setVersion=271, topologyVersion=TopologyVersion{processId=682e0ec7012483dec95aa879, counter=3}, lastWriteDate=Mon May 26 19:11:06 GMT-05:00 2025, lastUpdateTimeNanos=31042474463500}
2025-05-26T19:11:08.310-05:00  INFO 8772 --- [referidos] [ngodb.net:27017] org.mongodb.driver.cluster               : Discovered replica set primary ac-dwt1h32-shard-00-02.g9zwdyu.mongodb.net:27017 with max election id 7fffffff0000000000000269 and max set version 271
CORS configurado correctamente
2025-05-26T19:11:09.079-05:00  INFO 8772 --- [referidos] [           main] c.v.referidos.ReferidosApplicationTests  : Started ReferidosApplicationTests in 5.214 seconds (process running for 6.937)
]]></system-out>
    <system-err><![CDATA[Mockito is currently self-attaching to enable the inline-mock-maker. This will no longer work in future releases of the JDK. Please add Mockito as an agent to your build what is described in Mockito's documentation: https://javadoc.io/doc/org.mockito/mockito-core/latest/org/mockito/Mockito.html#0.3
WARNING: A Java agent has been loaded dynamically (C:\Users\Junior\.m2\repository\net\bytebuddy\byte-buddy-agent\1.15.11\byte-buddy-agent-1.15.11.jar)
WARNING: If a serviceability tool is in use, please run with -XX:+EnableDynamicAgentLoading to hide this warning
WARNING: If a serviceability tool is not in use, please run with -Djdk.instrument.traceUsage for more information
WARNING: Dynamic loading of agents will be disallowed by default in a future release
]]></system-err>
  </testcase>
</testsuite>